<?xml version="1.0" encoding="UTF-8"?>
<!-- Generated by org.testng.reporters.JUnitReportReporter -->
<testsuite hostname="SwetaPC" failures="0" tests="2" name="com.learnautomation.testcases.LoginTestCRM" time="5.944" errors="0" timestamp="20 Apr 2025 04:15:13 GMT" skipped="0">
  <testcase classname="com.learnautomation.testcases.LoginTestCRM" name="loginApp" time="5.793"/>
  <testcase classname="com.learnautomation.testcases.LoginTestCRM" name="Logout" time="0.151"/>
</testsuite> <!-- com.learnautomation.testcases.LoginTestCRM -->
